<?xml version="1.0" encoding="UTF-8"?>
<!-- Generated by org.testng.reporters.JUnitReportReporter -->
<testsuite hostname="PREM" failures="0" tests="1" name="org.project.testScripts.Login_Page_Test" time="15.876" errors="0" timestamp="2021-10-12T11:12:39 IST" skipped="0">
  <testcase classname="org.project.testScripts.Login_Page_Test" name="login" time="15.876"/>
  <system-out/>
</testsuite> <!-- org.project.testScripts.Login_Page_Test -->
